<?xml version="1.0" encoding="utf-8"?>
<TestRun id="7180b2fe-1161-4717-acbf-dbfe2944a806" name="lalit@LALIT 2020-09-29 23:47:35" runUser="LALIT\lalit" xmlns="http://microsoft.com/schemas/VisualStudio/TeamTest/2010">
  <Times creation="2020-09-29T23:47:35.2516127+05:30" queuing="2020-09-29T23:47:35.2516149+05:30" start="2020-09-29T23:47:34.0530836+05:30" finish="2020-09-29T23:47:35.2646077+05:30" />
  <TestSettings name="default" id="c8728a68-c259-43f9-93bb-64c5f209c0e2">
    <Deployment runDeploymentRoot="lalit_LALIT_2020-09-29_23_47_35" />
  </TestSettings>
  <Results>
    <UnitTestResult executionId="129836ea-6a88-413f-890b-9e3067ba12b4" testId="ac95cb08-7ad1-4d5b-90ec-132670c18038" testName="TestMethod1" computerName="LALIT" duration="00:00:00.0107048" startTime="2020-09-29T23:47:34.9803309+05:30" endTime="2020-09-29T23:47:35.0331071+05:30" testType="13cdc9d9-ddb5-4fa4-a97d-d965ccfc6d4b" outcome="Passed" testListId="8c84fa94-04c1-424b-9868-57a2d4851a1d" relativeResultsDirectory="129836ea-6a88-413f-890b-9e3067ba12b4" />
  </Results>
  <TestDefinitions>
    <UnitTest name="TestMethod1" storage="d:\lalit\learning\ci_cd\jenkinsintegration\jenkinsintegration.tests\bin\debug\netcoreapp2.1\jenkinsintegration.tests.dll" id="ac95cb08-7ad1-4d5b-90ec-132670c18038">
      <Execution id="129836ea-6a88-413f-890b-9e3067ba12b4" />
      <TestMethod codeBase="D:\lalit\Learning\CI_CD\JenkinsIntegration\JenkinsIntegration.Tests\bin\Debug\netcoreapp2.1\JenkinsIntegration.Tests.dll" adapterTypeName="executor://mstestadapter/v2" className="JenkinsIntegration.Tests.JenkinsTests" name="TestMethod1" />
    </UnitTest>
  </TestDefinitions>
  <TestEntries>
    <TestEntry testId="ac95cb08-7ad1-4d5b-90ec-132670c18038" executionId="129836ea-6a88-413f-890b-9e3067ba12b4" testListId="8c84fa94-04c1-424b-9868-57a2d4851a1d" />
  </TestEntries>
  <TestLists>
    <TestList name="Results Not in a List" id="8c84fa94-04c1-424b-9868-57a2d4851a1d" />
    <TestList name="All Loaded Results" id="19431567-8539-422a-85d7-44ee4e166bda" />
  </TestLists>
  <ResultSummary outcome="Completed">
    <Counters total="1" executed="1" passed="1" failed="0" error="0" timeout="0" aborted="0" inconclusive="0" passedButRunAborted="0" notRunnable="0" notExecuted="0" disconnected="0" warning="0" completed="0" inProgress="0" pending="0" />
  </ResultSummary>
</TestRun>